<?xml version="1.0" encoding="UTF-8"?>
<testng-results skipped="0" failed="0" total="1" passed="1">
  <reporter-output>
  </reporter-output>
  <suite name="Default suite" duration-ms="58227" started-at="2017-07-05T18:49:09Z" finished-at="2017-07-05T18:50:08Z">
    <groups>
    </groups>
    <test name="Default test" duration-ms="58227" started-at="2017-07-05T18:49:09Z" finished-at="2017-07-05T18:50:08Z">
      <class name="com.Amazon.TestCases.AmazonSearch">
        <test-method status="PASS" signature="SearchItem()[pri:0, instance:com.Amazon.TestCases.AmazonSearch@77caeb3e]" name="SearchItem" duration-ms="58163" started-at="2017-07-05T11:49:10Z" finished-at="2017-07-05T11:50:08Z">
          <reporter-output>
          </reporter-output>
        </test-method> <!-- SearchItem -->
      </class> <!-- com.Amazon.TestCases.AmazonSearch -->
    </test> <!-- Default test -->
  </suite> <!-- Default suite -->
</testng-results>
